<?xml version="1.0" encoding="UTF-8"?>
<testng-results ignored="0" total="1" passed="1" failed="0" skipped="0">
  <reporter-output>
  </reporter-output>
  <suite started-at="2023-08-25T16:29:26 IST" name="Default suite" finished-at="2023-08-25T16:29:49 IST" duration-ms="23691">
    <groups>
    </groups>
    <test started-at="2023-08-25T16:29:26 IST" name="Default test" finished-at="2023-08-25T16:29:49 IST" duration-ms="23691">
      <class name="mypackage.GetUrl">
        <test-method is-config="true" signature="startReport()[pri:0, instance:mypackage.GetUrl@6d2a209c]" started-at="2023-08-25T16:29:26 IST" name="startReport" finished-at="2023-08-25T16:29:36 IST" duration-ms="10079" status="PASS">
          <reporter-output>
          </reporter-output>
        </test-method> <!-- startReport -->
        <test-method signature="currentUrl()[pri:0, instance:mypackage.GetUrl@6d2a209c]" started-at="2023-08-25T16:29:36 IST" name="currentUrl" finished-at="2023-08-25T16:29:47 IST" duration-ms="11692" status="PASS">
          <reporter-output>
          </reporter-output>
        </test-method> <!-- currentUrl -->
        <test-method is-config="true" signature="close(org.testng.ITestResult)[pri:0, instance:mypackage.GetUrl@6d2a209c]" started-at="2023-08-25T16:29:47 IST" name="close" finished-at="2023-08-25T16:29:47 IST" duration-ms="21" status="PASS">
          <params>
            <param index="0">
              <value>
                <![CDATA[[TestResult name=currentUrl status=SUCCESS method=GetUrl.currentUrl()[pri:0, instance:mypackage.GetUrl@6d2a209c] output={null}]]]>
              </value>
            </param>
          </params>
          <reporter-output>
          </reporter-output>
        </test-method> <!-- close -->
        <test-method is-config="true" signature="test()[pri:0, instance:mypackage.GetUrl@6d2a209c]" started-at="2023-08-25T16:29:47 IST" name="test" finished-at="2023-08-25T16:29:49 IST" duration-ms="1832" status="PASS">
          <reporter-output>
          </reporter-output>
        </test-method> <!-- test -->
      </class> <!-- mypackage.GetUrl -->
    </test> <!-- Default test -->
  </suite> <!-- Default suite -->
</testng-results>
